18/02/2023 19:40:59	This log contains information about the import schema operation into project 'Database1' on computer 'ADMINISTRATOR' by user 'natha'.
18/02/2023 19:41:00	Import of database schema has started.
18/02/2023 19:41:07	Gathering database credentials
18/02/2023 19:41:07	Gathering database options
18/02/2023 19:41:07	Gathering generic database scoped configuration option
18/02/2023 19:41:07	Gathering users
18/02/2023 19:41:07	Gathering roles
18/02/2023 19:41:07	Gathering application roles
18/02/2023 19:41:07	Gathering role memberships
18/02/2023 19:41:07	Gathering filegroups
18/02/2023 19:41:07	Gathering full-text catalogs
18/02/2023 19:41:07	Gathering assemblies
18/02/2023 19:41:07	Gathering certificates
18/02/2023 19:41:07	Gathering asymmetric keys
18/02/2023 19:41:07	Gathering symmetric keys
18/02/2023 19:41:07	Gathering encrypted symmetric keys
18/02/2023 19:41:07	Gathering schemas
18/02/2023 19:41:07	Gathering XML schema collections
18/02/2023 19:41:07	Gathering user-defined data types
18/02/2023 19:41:07	Gathering user-defined types
18/02/2023 19:41:07	Gathering table types
18/02/2023 19:41:07	Gathering unique keys for table types
18/02/2023 19:41:07	Gathering primary keys for table types
18/02/2023 19:41:07	Gathering indexes for table types
18/02/2023 19:41:07	Gathering check constraints for table types
18/02/2023 19:41:07	Gathering default constraints for table types
18/02/2023 19:41:07	Gathering partition functions
18/02/2023 19:41:07	Gathering partition schemes
18/02/2023 19:41:07	Gathering functions
18/02/2023 19:41:07	Gathering encrypted functions
18/02/2023 19:41:07	Gathering aggregates
18/02/2023 19:41:07	Gathering procedures
18/02/2023 19:41:07	Gathering encrypted procedures
18/02/2023 19:41:07	Gathering tables
18/02/2023 19:41:07	Gathering primary keys
18/02/2023 19:41:07	Gathering unique constraints
18/02/2023 19:41:07	Gathering foreign keys
18/02/2023 19:41:07	Gathering default constraints
18/02/2023 19:41:07	Gathering check constraints
18/02/2023 19:41:07	Gathering views
18/02/2023 19:41:07	Gathering encrypted views
18/02/2023 19:41:07	Gathering indexes
18/02/2023 19:41:07	Gathering statistics
18/02/2023 19:41:07	Gathering full-text index stoplists
18/02/2023 19:41:07	Gathering search property lists
18/02/2023 19:41:07	Gathering search properties
18/02/2023 19:41:07	Gathering full-text indexes
18/02/2023 19:41:07	Gathering column store indexes
18/02/2023 19:41:07	Gathering spatial indexes
18/02/2023 19:41:07	Gathering XML indexes
18/02/2023 19:41:07	Gathering Selective XML indexes
18/02/2023 19:41:07	Gathering encrypted triggers
18/02/2023 19:41:07	Gathering triggers
18/02/2023 19:41:07	Gathering encrypted and clr ddl triggers
18/02/2023 19:41:07	Gathering ddl triggers
18/02/2023 19:41:07	Creating edge constraints
18/02/2023 19:41:07	Gathering synonyms
18/02/2023 19:41:07	Gathering defaults
18/02/2023 19:41:07	Gathering data constraint uddt bindings
18/02/2023 19:41:07	Gathering rules
18/02/2023 19:41:07	Gathering data constraint uddt bindings
18/02/2023 19:41:07	Gathering message types
18/02/2023 19:41:07	Gathering queues
18/02/2023 19:41:07	Gathering contracts
18/02/2023 19:41:07	Gathering services
18/02/2023 19:41:07	Gathering event notifications
18/02/2023 19:41:07	Gathering remote service bindings
18/02/2023 19:41:07	Gathering broker priorities
18/02/2023 19:41:07	Gathering signatures
18/02/2023 19:41:07	Gathering data compression options
18/02/2023 19:41:07	Gathering sequence types
18/02/2023 19:41:07	Gathering security policies
18/02/2023 19:41:07	Gather column encryption keys
18/02/2023 19:41:07	Gathering column master keys
18/02/2023 19:41:07	Gathering external data sources
18/02/2023 19:41:07	Gathering external file formats
18/02/2023 19:41:07	Gathering external tables
18/02/2023 19:41:07	Gathering extended properties
18/02/2023 19:41:07	Gathering assemblies
18/02/2023 19:41:07	Gathering credentials
18/02/2023 19:41:07	Gathering logins
18/02/2023 19:41:08	Gathering server audits
18/02/2023 19:41:08	Scanning project for duplicate elements
18/02/2023 19:41:08	Finished duplicate element processing
18/02/2023 19:41:09	Finished importing database.
18/02/2023 19:41:09	A summary of the import was saved to the following location: C:\Users\natha\source\repos\Database1\Database1\Import Schema Logs\Database1_20230218104059.log
18/02/2023 19:41:09	Click Finish to continue...
